<?xml version="1.0" encoding="UTF-8"?>
<!-- Generated by org.testng.reporters.JUnitReportReporter -->
<testsuite hostname="HQ-11393H840G5" failures="0" tests="5" name="com.jan23.pages.tests.SaleforceLoginWithPOM" time="66.056" errors="0" timestamp="2023-02-19T23:54:49 PST" skipped="0">
  <testcase classname="com.jan23.pages.tests.SaleforceLoginWithPOM" name="forgotPassword" time="10.293"/>
  <system-out/>
  <testcase classname="com.jan23.pages.tests.SaleforceLoginWithPOM" name="wrongCredentials" time="7.989"/>
  <system-out/>
  <testcase classname="com.jan23.pages.tests.SaleforceLoginWithPOM" name="checkRememberMe" time="25.641"/>
  <system-out/>
  <testcase classname="com.jan23.pages.tests.SaleforceLoginWithPOM" name="Login_Script" time="13.807"/>
  <system-out/>
  <testcase classname="com.jan23.pages.tests.SaleforceLoginWithPOM" name="loginErrorMessageTc1" time="8.326"/>
  <system-out/>
</testsuite> <!-- com.jan23.pages.tests.SaleforceLoginWithPOM -->
