<?xml version="1.0" encoding="UTF-8"?>
<!-- Generated by org.testng.reporters.JUnitReportReporter -->
<testsuite hostname="HQ-11393H840G5" failures="0" tests="5" name="com.jan23.pages.tests.AutomationTests" time="70.940" errors="0" timestamp="2023-02-19T23:51:37 PST" skipped="0">
  <testcase classname="com.jan23.pages.tests.AutomationTests" name="forgotPassword" time="11.576"/>
  <system-out/>
  <testcase classname="com.jan23.pages.tests.AutomationTests" name="wrongCredentials" time="8.095"/>
  <system-out/>
  <testcase classname="com.jan23.pages.tests.AutomationTests" name="checkRememberMe" time="17.015"/>
  <system-out/>
  <testcase classname="com.jan23.pages.tests.AutomationTests" name="Login_Script" time="25.883"/>
  <system-out/>
  <testcase classname="com.jan23.pages.tests.AutomationTests" name="loginErrorMessageTc1" time="8.371"/>
  <system-out/>
</testsuite> <!-- com.jan23.pages.tests.AutomationTests -->
